<?xml version="1.0" encoding="UTF-8"?>
<testsuites>
  <testsuite name="fastlane.lanes">
    
    
    
      
      <testcase classname="fastlane.lanes" name="0: Verifying fastlane version" time="0.0002">
        
      </testcase>
    
      
      <testcase classname="fastlane.lanes" name="1: default_platform" time="8.1e-05">
        
      </testcase>
    
      
      <testcase classname="fastlane.lanes" name="2: scan" time="19.14726">
        
      </testcase>
    
      
      <testcase classname="fastlane.lanes" name="3: sonar" time="4.237977">
        
          <failure message="/opt/homebrew/Cellar/fastlane/2.206.2/libexec/gems/fastlane-2.206.2/fastlane/lib/fastlane/actions/actions_helper.rb:67:in `execute_action&apos;&#10;/opt/homebrew/Cellar/fastlane/2.206.2/libexec/gems/fastlane-2.206.2/fastlane/lib/fastlane/runner.rb:255:in `block in execute_action&apos;&#10;/opt/homebrew/Cellar/fastlane/2.206.2/libexec/gems/fastlane-2.206.2/fastlane/lib/fastlane/runner.rb:229:in `chdir&apos;&#10;/opt/homebrew/Cellar/fastlane/2.206.2/libexec/gems/fastlane-2.206.2/fastlane/lib/fastlane/runner.rb:229:in `execute_action&apos;&#10;/opt/homebrew/Cellar/fastlane/2.206.2/libexec/gems/fastlane-2.206.2/fastlane/lib/fastlane/runner.rb:157:in `trigger_action_by_name&apos;&#10;/opt/homebrew/Cellar/fastlane/2.206.2/libexec/gems/fastlane-2.206.2/fastlane/lib/fastlane/fast_file.rb:159:in `method_missing&apos;&#10;Fastfile:138:in `block (2 levels) in parsing_binding&apos;&#10;/opt/homebrew/Cellar/fastlane/2.206.2/libexec/gems/fastlane-2.206.2/fastlane/lib/fastlane/lane.rb:33:in `call&apos;&#10;/opt/homebrew/Cellar/fastlane/2.206.2/libexec/gems/fastlane-2.206.2/fastlane/lib/fastlane/runner.rb:49:in `block in execute&apos;&#10;/opt/homebrew/Cellar/fastlane/2.206.2/libexec/gems/fastlane-2.206.2/fastlane/lib/fastlane/runner.rb:45:in `chdir&apos;&#10;/opt/homebrew/Cellar/fastlane/2.206.2/libexec/gems/fastlane-2.206.2/fastlane/lib/fastlane/runner.rb:45:in `execute&apos;&#10;/opt/homebrew/Cellar/fastlane/2.206.2/libexec/gems/fastlane-2.206.2/fastlane/lib/fastlane/lane_manager.rb:47:in `cruise_lane&apos;&#10;/opt/homebrew/Cellar/fastlane/2.206.2/libexec/gems/fastlane-2.206.2/fastlane/lib/fastlane/command_line_handler.rb:36:in `handle&apos;&#10;/opt/homebrew/Cellar/fastlane/2.206.2/libexec/gems/fastlane-2.206.2/fastlane/lib/fastlane/commands_generator.rb:110:in `block (2 levels) in run&apos;&#10;/opt/homebrew/Cellar/fastlane/2.206.2/libexec/gems/commander-4.6.0/lib/commander/command.rb:187:in `call&apos;&#10;/opt/homebrew/Cellar/fastlane/2.206.2/libexec/gems/commander-4.6.0/lib/commander/command.rb:157:in `run&apos;&#10;/opt/homebrew/Cellar/fastlane/2.206.2/libexec/gems/commander-4.6.0/lib/commander/runner.rb:444:in `run_active_command&apos;&#10;/opt/homebrew/Cellar/fastlane/2.206.2/libexec/gems/fastlane-2.206.2/fastlane_core/lib/fastlane_core/ui/fastlane_runner.rb:124:in `run!&apos;&#10;/opt/homebrew/Cellar/fastlane/2.206.2/libexec/gems/commander-4.6.0/lib/commander/delegates.rb:18:in `run!&apos;&#10;/opt/homebrew/Cellar/fastlane/2.206.2/libexec/gems/fastlane-2.206.2/fastlane/lib/fastlane/commands_generator.rb:354:in `run&apos;&#10;/opt/homebrew/Cellar/fastlane/2.206.2/libexec/gems/fastlane-2.206.2/fastlane/lib/fastlane/commands_generator.rb:43:in `start&apos;&#10;/opt/homebrew/Cellar/fastlane/2.206.2/libexec/gems/fastlane-2.206.2/fastlane/lib/fastlane/cli_tools_distributor.rb:123:in `take_off&apos;&#10;/opt/homebrew/Cellar/fastlane/2.206.2/libexec/gems/fastlane-2.206.2/bin/fastlane:23:in `&lt;top (required)&gt;&apos;&#10;/opt/homebrew/Cellar/fastlane/2.206.2/libexec/bin/fastlane:25:in `load&apos;&#10;/opt/homebrew/Cellar/fastlane/2.206.2/libexec/bin/fastlane:25:in `&lt;main&gt;&apos;&#10;&#10;Shell command exited with exit status 2 instead of 0.&#10;INFO: Scanner configuration file: /opt/homebrew/Cellar/sonar-scanner/4.7.0.2747/libexec/conf/sonar-scanner.properties&#10;INFO: Project root configuration file: /Users/luckysoul/Documents/GitHub/WorkFlowTestingApp/sonar-project.properties&#10;INFO: SonarScanner 4.7.0.2747&#10;INFO: Java 11.0.15 Homebrew (64-bit)&#10;INFO: Mac OS X 12.3.1 aarch64&#10;INFO: User cache: /Users/luckysoul/.sonar/cache&#10;INFO: Scanner configuration file: /opt/homebrew/Cellar/sonar-scanner/4.7.0.2747/libexec/conf/sonar-scanner.properties&#10;INFO: Project root configuration file: /Users/luckysoul/Documents/GitHub/WorkFlowTestingApp/sonar-project.properties&#10;INFO: Analyzing on SonarCloud&#10;INFO: Default locale: &quot;en_MX&quot;, source code encoding: &quot;UTF-8&quot;&#10;INFO: Load global settings&#10;INFO: Load global settings (done) | time=1144ms&#10;INFO: Server id: 1BD809FA-AWHW8ct9-T_TB3XqouNu&#10;INFO: User cache: /Users/luckysoul/.sonar/cache&#10;INFO: Load/download plugins&#10;INFO: Load plugins index&#10;INFO: Load plugins index (done) | time=246ms&#10;INFO: Load/download plugins (done) | time=363ms&#10;INFO: Loaded core extensions: developer-scanner&#10;INFO: Load project settings for component key: &apos;LuckySoulZ_WorkFlowTestingApp&apos;&#10;INFO: Load project settings for component key: &apos;LuckySoulZ_WorkFlowTestingApp&apos; (done) | time=227ms&#10;INFO: Process project properties&#10;ERROR: Invalid value of sonar.tests for LuckySoulZ_WorkFlowTestingApp&#10;INFO: ------------------------------------------------------------------------&#10;INFO: EXECUTION FAILURE&#10;INFO: ------------------------------------------------------------------------&#10;INFO: Total time: 4.072s&#10;INFO: Final Memory: 7M/60M&#10;INFO: ------------------------------------------------------------------------&#10;ERROR: Error during SonarScanner execution&#10;ERROR: The folder &apos;WorkFlowTestingApp/UpcomingMoviesTests&apos; does not exist for &apos;LuckySoulZ_WorkFlowTestingApp&apos; (base directory = /Users/luckysoul/Documents/GitHub/WorkFlowTestingApp)&#10;ERROR: &#10;ERROR: Re-run SonarScanner using the -X switch to enable full debug logging.&#10;" />
        
      </testcase>
    
  </testsuite>
</testsuites>
